16:12:24.674 INFO - Selenium build info: version: '3.8.1', revision: '6e95a6684b'
16:12:24.676 INFO - Launching a standalone Selenium Server
2018-01-26 16:12:24.866:INFO::main: Logging initialized @548ms to org.seleniumhq.jetty9.util.log.StdErrLog
16:12:24.913 INFO - Using `new FirefoxOptions()` is preferred to `DesiredCapabilities.firefox()`
16:12:24.928 INFO - Using `new ChromeOptions()` is preferred to `DesiredCapabilities.chrome()`
16:12:24.928 INFO - Using `new EdgeOptions()` is preferred to `DesiredCapabilities.edge()`
16:12:24.928 INFO - Driver class not found: com.opera.core.systems.OperaDriver
16:12:24.928 INFO - Using `new OperaOptions()` is preferred to `DesiredCapabilities.operaBlink()`
16:12:24.928 INFO - Using `new SafariOptions()` is preferred to `DesiredCapabilities.safari()`
16:12:24.928 INFO - Driver class not found: org.openqa.selenium.phantomjs.PhantomJSDriver
16:12:24.975 INFO - Driver provider class org.openqa.selenium.safari.SafariDriver registration is skipped:
 registration capabilities Capabilities {browserName: safari, platform: MAC, version: } does not match the current platform WIN10
16:12:25.022 INFO - Using `new ChromeOptions()` is preferred to `DesiredCapabilities.chrome()`
16:12:25.022 INFO - Using `new EdgeOptions()` is preferred to `DesiredCapabilities.edge()`
16:12:25.022 INFO - Using `new FirefoxOptions()` is preferred to `DesiredCapabilities.firefox()`
16:12:25.022 INFO - Using `new OperaOptions()` is preferred to `DesiredCapabilities.operaBlink()`
16:12:25.022 INFO - Using `new SafariOptions()` is preferred to `DesiredCapabilities.safari()`
16:12:25.046 INFO - Using the passthrough mode handler
2018-01-26 16:12:25.070:INFO:osjs.Server:main: jetty-9.4.7.v20170914
2018-01-26 16:12:25.101:WARN:osjs.SecurityHandler:main: ServletContext@o.s.j.s.ServletContextHandler@5524cca1{/,null,STARTING} has uncovered http methods for path: /
2018-01-26 16:12:25.101:INFO:osjsh.ContextHandler:main: Started o.s.j.s.ServletContextHandler@5524cca1{/,null,AVAILABLE}
2018-01-26 16:12:25.192:INFO:osjs.AbstractConnector:main: Started ServerConnector@17503f6b{HTTP/1.1,[http/1.1]}{0.0.0.0:4445}
2018-01-26 16:12:25.208:INFO:osjs.Server:main: Started @891ms
16:12:25.208 INFO - Selenium Server is up and running
2018-01-26 16:12:25.470:INFO:osjshC.ROOT:qtp1712943792-16: org.openqa.selenium.remote.server.WebDriverServlet-71a8adcf: Initialising WebDriverServlet
16:12:25.517 INFO - Found handler: org.openqa.selenium.remote.server.commandhandler.BeginSession@2dbfeb70
16:12:25.517 INFO - /session: Executing POST on /session (handler: BeginSession)
16:12:25.579 INFO - Capabilities are: Capabilities {acceptSslCerts: true, browserName: chrome, javascriptEnabled: true, name: Tests}
16:12:25.581 INFO - Capabilities {acceptSslCerts: true, browserName: chrome, javascriptEnabled: true, name: Tests} matched class org.openqa.selenium.remote.server.ServicedSession$Factory (provider: org.openqa.selenium.chrome.ChromeDriverService)
Starting ChromeDriver 2.33.506120 (e3e53437346286c0bc2d2dc9aa4915ba81d9023f) on port 30586
Only local connections are allowed.
16:12:28.827 INFO - Detected dialect: OSS
16:12:29.188 INFO - Found handler: org.openqa.selenium.remote.server.ServicedSession@75a473da
16:12:29.188 INFO - Handler thread for session 26467880e0f09a2dae2685a32ed6b44b (chrome): Executing POST on /session/26467880e0f09a2dae2685a32ed6b44b/url (handler: ServicedSession)
16:12:29.192 INFO - To upstream: {"url":"http://localhost:3000"}
16:12:31.226 INFO - To downstream: {"sessionId":"26467880e0f09a2dae2685a32ed6b44b","status":0,"value":null}
16:12:31.235 INFO - Found handler: org.openqa.selenium.remote.server.ServicedSession@75a473da
16:12:31.236 INFO - Handler thread for session 26467880e0f09a2dae2685a32ed6b44b (chrome): Executing POST on /session/26467880e0f09a2dae2685a32ed6b44b/element (handler: ServicedSession)
16:12:31.239 INFO - To upstream: {"using":"css selector","value":"[name='employee1']"}
16:12:31.265 INFO - To downstream: {"sessionId":"26467880e0f09a2dae2685a32ed6b44b","status":0,"value":{"ELEMENT":"0.2963948861066752-1"}}
16:12:31.270 INFO - Found handler: org.openqa.selenium.remote.server.ServicedSession@75a473da
16:12:31.270 INFO - Handler thread for session 26467880e0f09a2dae2685a32ed6b44b (chrome): Executing POST on /session/26467880e0f09a2dae2685a32ed6b44b/element/0.2963948861066752-1/click (handler: ServicedSession)
16:12:31.272 INFO - To upstream: 
16:12:31.357 INFO - To downstream: {"sessionId":"26467880e0f09a2dae2685a32ed6b44b","status":0,"value":null}
16:12:31.362 INFO - Found handler: org.openqa.selenium.remote.server.ServicedSession@75a473da
16:12:31.363 INFO - Handler thread for session 26467880e0f09a2dae2685a32ed6b44b (chrome): Executing POST on /session/26467880e0f09a2dae2685a32ed6b44b/element (handler: ServicedSession)
16:12:31.365 INFO - To upstream: {"using":"css selector","value":"input[name = \"nameEntry\"]"}
16:12:31.382 INFO - To downstream: {"sessionId":"26467880e0f09a2dae2685a32ed6b44b","status":0,"value":{"ELEMENT":"0.2963948861066752-2"}}
16:12:31.386 INFO - Found handler: org.openqa.selenium.remote.server.ServicedSession@75a473da
16:12:31.387 INFO - Handler thread for session 26467880e0f09a2dae2685a32ed6b44b (chrome): Executing POST on /session/26467880e0f09a2dae2685a32ed6b44b/element/0.2963948861066752-2/clear (handler: ServicedSession)
16:12:31.388 INFO - To upstream: 
16:12:31.416 INFO - To downstream: {"sessionId":"26467880e0f09a2dae2685a32ed6b44b","status":0,"value":null}
16:12:31.427 INFO - Found handler: org.openqa.selenium.remote.server.ServicedSession@75a473da
16:12:31.428 INFO - Handler thread for session 26467880e0f09a2dae2685a32ed6b44b (chrome): Executing POST on /session/26467880e0f09a2dae2685a32ed6b44b/element (handler: ServicedSession)
16:12:31.430 INFO - To upstream: {"using":"css selector","value":"input[name = \"nameEntry\"]"}
16:12:31.444 INFO - To downstream: {"sessionId":"26467880e0f09a2dae2685a32ed6b44b","status":0,"value":{"ELEMENT":"0.2963948861066752-2"}}
16:12:31.450 INFO - Found handler: org.openqa.selenium.remote.server.ServicedSession@75a473da
16:12:31.450 INFO - Handler thread for session 26467880e0f09a2dae2685a32ed6b44b (chrome): Executing POST on /session/26467880e0f09a2dae2685a32ed6b44b/element/0.2963948861066752-2/value (handler: ServicedSession)
16:12:31.453 INFO - To upstream: {"value":["f","o","o"]}
16:12:31.518 INFO - To downstream: {"sessionId":"26467880e0f09a2dae2685a32ed6b44b","status":0,"value":null}
16:12:31.524 INFO - Found handler: org.openqa.selenium.remote.server.ServicedSession@75a473da
16:12:31.524 INFO - Handler thread for session 26467880e0f09a2dae2685a32ed6b44b (chrome): Executing POST on /session/26467880e0f09a2dae2685a32ed6b44b/element (handler: ServicedSession)
16:12:31.527 INFO - To upstream: {"using":"css selector","value":"input[name = \"phoneEntry\"]"}
16:12:31.544 INFO - To downstream: {"sessionId":"26467880e0f09a2dae2685a32ed6b44b","status":0,"value":{"ELEMENT":"0.2963948861066752-3"}}
16:12:31.548 INFO - Found handler: org.openqa.selenium.remote.server.ServicedSession@75a473da
16:12:31.548 INFO - Handler thread for session 26467880e0f09a2dae2685a32ed6b44b (chrome): Executing POST on /session/26467880e0f09a2dae2685a32ed6b44b/element/0.2963948861066752-3/clear (handler: ServicedSession)
16:12:31.549 INFO - To upstream: 
16:12:31.568 INFO - To downstream: {"sessionId":"26467880e0f09a2dae2685a32ed6b44b","status":0,"value":null}
16:12:31.572 INFO - Found handler: org.openqa.selenium.remote.server.ServicedSession@75a473da
16:12:31.573 INFO - Handler thread for session 26467880e0f09a2dae2685a32ed6b44b (chrome): Executing POST on /session/26467880e0f09a2dae2685a32ed6b44b/element (handler: ServicedSession)
16:12:31.576 INFO - To upstream: {"using":"css selector","value":"input[name = \"phoneEntry\"]"}
16:12:31.584 INFO - To downstream: {"sessionId":"26467880e0f09a2dae2685a32ed6b44b","status":0,"value":{"ELEMENT":"0.2963948861066752-3"}}
16:12:31.590 INFO - Found handler: org.openqa.selenium.remote.server.ServicedSession@75a473da
16:12:31.590 INFO - Handler thread for session 26467880e0f09a2dae2685a32ed6b44b (chrome): Executing POST on /session/26467880e0f09a2dae2685a32ed6b44b/element/0.2963948861066752-3/value (handler: ServicedSession)
16:12:31.592 INFO - To upstream: {"value":["1","2","3","1","2","3","4","5","6","7"]}
16:12:31.683 INFO - To downstream: {"sessionId":"26467880e0f09a2dae2685a32ed6b44b","status":0,"value":null}
16:12:31.687 INFO - Found handler: org.openqa.selenium.remote.server.ServicedSession@75a473da
16:12:31.688 INFO - Handler thread for session 26467880e0f09a2dae2685a32ed6b44b (chrome): Executing POST on /session/26467880e0f09a2dae2685a32ed6b44b/element (handler: ServicedSession)
16:12:31.690 INFO - To upstream: {"using":"css selector","value":"input[name = \"titleEntry\"]"}
16:12:31.705 INFO - To downstream: {"sessionId":"26467880e0f09a2dae2685a32ed6b44b","status":0,"value":{"ELEMENT":"0.2963948861066752-4"}}
16:12:31.709 INFO - Found handler: org.openqa.selenium.remote.server.ServicedSession@75a473da
16:12:31.709 INFO - Handler thread for session 26467880e0f09a2dae2685a32ed6b44b (chrome): Executing POST on /session/26467880e0f09a2dae2685a32ed6b44b/element/0.2963948861066752-4/clear (handler: ServicedSession)
16:12:31.710 INFO - To upstream: 
16:12:31.734 INFO - To downstream: {"sessionId":"26467880e0f09a2dae2685a32ed6b44b","status":0,"value":null}
16:12:31.739 INFO - Found handler: org.openqa.selenium.remote.server.ServicedSession@75a473da
16:12:31.739 INFO - Handler thread for session 26467880e0f09a2dae2685a32ed6b44b (chrome): Executing POST on /session/26467880e0f09a2dae2685a32ed6b44b/element (handler: ServicedSession)
16:12:31.741 INFO - To upstream: {"using":"css selector","value":"input[name = \"titleEntry\"]"}
16:12:31.747 INFO - To downstream: {"sessionId":"26467880e0f09a2dae2685a32ed6b44b","status":0,"value":{"ELEMENT":"0.2963948861066752-4"}}
16:12:31.751 INFO - Found handler: org.openqa.selenium.remote.server.ServicedSession@75a473da
16:12:31.751 INFO - Handler thread for session 26467880e0f09a2dae2685a32ed6b44b (chrome): Executing POST on /session/26467880e0f09a2dae2685a32ed6b44b/element/0.2963948861066752-4/value (handler: ServicedSession)
16:12:31.753 INFO - To upstream: {"value":["f","o","o","b","a","r"]}
16:12:31.818 INFO - To downstream: {"sessionId":"26467880e0f09a2dae2685a32ed6b44b","status":0,"value":null}
16:12:31.823 INFO - Found handler: org.openqa.selenium.remote.server.ServicedSession@75a473da
16:12:31.823 INFO - Handler thread for session 26467880e0f09a2dae2685a32ed6b44b (chrome): Executing POST on /session/26467880e0f09a2dae2685a32ed6b44b/element (handler: ServicedSession)
16:12:31.826 INFO - To upstream: {"using":"css selector","value":"button[name= \"save\"]"}
16:12:31.842 INFO - To downstream: {"sessionId":"26467880e0f09a2dae2685a32ed6b44b","status":0,"value":{"ELEMENT":"0.2963948861066752-5"}}
16:12:31.847 INFO - Found handler: org.openqa.selenium.remote.server.ServicedSession@75a473da
16:12:31.847 INFO - Handler thread for session 26467880e0f09a2dae2685a32ed6b44b (chrome): Executing GET on /session/26467880e0f09a2dae2685a32ed6b44b/element/0.2963948861066752-5/displayed (handler: ServicedSession)
16:12:31.862 INFO - To downstream: {"sessionId":"26467880e0f09a2dae2685a32ed6b44b","status":0,"value":true}
16:12:31.866 INFO - Found handler: org.openqa.selenium.remote.server.ServicedSession@75a473da
16:12:31.866 INFO - Handler thread for session 26467880e0f09a2dae2685a32ed6b44b (chrome): Executing POST on /session/26467880e0f09a2dae2685a32ed6b44b/element (handler: ServicedSession)
16:12:31.868 INFO - To upstream: {"using":"css selector","value":"[name= 'save']"}
16:12:31.882 INFO - To downstream: {"sessionId":"26467880e0f09a2dae2685a32ed6b44b","status":0,"value":{"ELEMENT":"0.2963948861066752-5"}}
16:12:31.884 INFO - Found handler: org.openqa.selenium.remote.server.ServicedSession@75a473da
16:12:31.884 INFO - Handler thread for session 26467880e0f09a2dae2685a32ed6b44b (chrome): Executing POST on /session/26467880e0f09a2dae2685a32ed6b44b/element/0.2963948861066752-5/click (handler: ServicedSession)
16:12:31.884 INFO - To upstream: 
16:12:31.937 INFO - To downstream: {"sessionId":"26467880e0f09a2dae2685a32ed6b44b","status":0,"value":null}
16:12:31.944 INFO - Found handler: org.openqa.selenium.remote.server.ServicedSession@75a473da
16:12:31.944 INFO - Handler thread for session 26467880e0f09a2dae2685a32ed6b44b (chrome): Executing POST on /session/26467880e0f09a2dae2685a32ed6b44b/element (handler: ServicedSession)
16:12:31.947 INFO - To upstream: {"using":"css selector","value":"input[name = \"nameEntry\"]"}
16:12:31.956 INFO - To downstream: {"sessionId":"26467880e0f09a2dae2685a32ed6b44b","status":0,"value":{"ELEMENT":"0.2963948861066752-2"}}
16:12:31.960 INFO - Found handler: org.openqa.selenium.remote.server.ServicedSession@75a473da
16:12:31.960 INFO - Handler thread for session 26467880e0f09a2dae2685a32ed6b44b (chrome): Executing GET on /session/26467880e0f09a2dae2685a32ed6b44b/element/0.2963948861066752-2/attribute/value (handler: ServicedSession)
16:12:31.968 INFO - To downstream: {"sessionId":"26467880e0f09a2dae2685a32ed6b44b","status":0,"value":"foo"}
16:12:31.974 INFO - Found handler: org.openqa.selenium.remote.server.ServicedSession@75a473da
16:12:31.975 INFO - Handler thread for session 26467880e0f09a2dae2685a32ed6b44b (chrome): Executing POST on /session/26467880e0f09a2dae2685a32ed6b44b/element (handler: ServicedSession)
16:12:31.976 INFO - To upstream: {"using":"css selector","value":"input[name = \"phoneEntry\"]"}
16:12:31.986 INFO - To downstream: {"sessionId":"26467880e0f09a2dae2685a32ed6b44b","status":0,"value":{"ELEMENT":"0.2963948861066752-3"}}
16:12:31.990 INFO - Found handler: org.openqa.selenium.remote.server.ServicedSession@75a473da
16:12:31.990 INFO - Handler thread for session 26467880e0f09a2dae2685a32ed6b44b (chrome): Executing GET on /session/26467880e0f09a2dae2685a32ed6b44b/element/0.2963948861066752-3/attribute/value (handler: ServicedSession)
16:12:32.000 INFO - To downstream: {"sessionId":"26467880e0f09a2dae2685a32ed6b44b","status":0,"value":"1231234567"}
16:12:32.008 INFO - Found handler: org.openqa.selenium.remote.server.ServicedSession@75a473da
16:12:32.009 INFO - Handler thread for session 26467880e0f09a2dae2685a32ed6b44b (chrome): Executing POST on /session/26467880e0f09a2dae2685a32ed6b44b/element (handler: ServicedSession)
16:12:32.013 INFO - To upstream: {"using":"css selector","value":"input[name = \"titleEntry\"]"}
16:12:32.024 INFO - To downstream: {"sessionId":"26467880e0f09a2dae2685a32ed6b44b","status":0,"value":{"ELEMENT":"0.2963948861066752-4"}}
16:12:32.033 INFO - Found handler: org.openqa.selenium.remote.server.ServicedSession@75a473da
16:12:32.033 INFO - Handler thread for session 26467880e0f09a2dae2685a32ed6b44b (chrome): Executing GET on /session/26467880e0f09a2dae2685a32ed6b44b/element/0.2963948861066752-4/attribute/value (handler: ServicedSession)
16:12:32.051 INFO - To downstream: {"sessionId":"26467880e0f09a2dae2685a32ed6b44b","status":0,"value":"foobar"}
16:12:32.062 INFO - Found handler: org.openqa.selenium.remote.server.ServicedSession@75a473da
16:12:32.062 INFO - Handler thread for session 26467880e0f09a2dae2685a32ed6b44b (chrome): Executing POST on /session/26467880e0f09a2dae2685a32ed6b44b/url (handler: ServicedSession)
16:12:32.064 INFO - To upstream: {"url":"http://localhost:3000"}
16:12:32.245 INFO - To downstream: {"sessionId":"26467880e0f09a2dae2685a32ed6b44b","status":0,"value":null}
16:12:32.250 INFO - Found handler: org.openqa.selenium.remote.server.ServicedSession@75a473da
16:12:32.250 INFO - Handler thread for session 26467880e0f09a2dae2685a32ed6b44b (chrome): Executing POST on /session/26467880e0f09a2dae2685a32ed6b44b/element (handler: ServicedSession)
16:12:32.253 INFO - To upstream: {"using":"css selector","value":"[name='employee1']"}
16:12:32.267 INFO - To downstream: {"sessionId":"26467880e0f09a2dae2685a32ed6b44b","status":0,"value":{"ELEMENT":"0.7749763418000553-1"}}
16:12:32.271 INFO - Found handler: org.openqa.selenium.remote.server.ServicedSession@75a473da
16:12:32.271 INFO - Handler thread for session 26467880e0f09a2dae2685a32ed6b44b (chrome): Executing POST on /session/26467880e0f09a2dae2685a32ed6b44b/element/0.7749763418000553-1/click (handler: ServicedSession)
16:12:32.271 INFO - To upstream: 
16:12:32.334 INFO - To downstream: {"sessionId":"26467880e0f09a2dae2685a32ed6b44b","status":0,"value":null}
16:12:32.343 INFO - Found handler: org.openqa.selenium.remote.server.ServicedSession@75a473da
16:12:32.343 INFO - Handler thread for session 26467880e0f09a2dae2685a32ed6b44b (chrome): Executing POST on /session/26467880e0f09a2dae2685a32ed6b44b/element (handler: ServicedSession)
16:12:32.345 INFO - To upstream: {"using":"css selector","value":"input[name = \"nameEntry\"]"}
16:12:32.352 INFO - To downstream: {"sessionId":"26467880e0f09a2dae2685a32ed6b44b","status":0,"value":{"ELEMENT":"0.7749763418000553-2"}}
16:12:32.357 INFO - Found handler: org.openqa.selenium.remote.server.ServicedSession@75a473da
16:12:32.358 INFO - Handler thread for session 26467880e0f09a2dae2685a32ed6b44b (chrome): Executing POST on /session/26467880e0f09a2dae2685a32ed6b44b/element/0.7749763418000553-2/clear (handler: ServicedSession)
16:12:32.359 INFO - To upstream: 
16:12:32.379 INFO - To downstream: {"sessionId":"26467880e0f09a2dae2685a32ed6b44b","status":0,"value":null}
16:12:32.384 INFO - Found handler: org.openqa.selenium.remote.server.ServicedSession@75a473da
16:12:32.384 INFO - Handler thread for session 26467880e0f09a2dae2685a32ed6b44b (chrome): Executing POST on /session/26467880e0f09a2dae2685a32ed6b44b/element (handler: ServicedSession)
16:12:32.388 INFO - To upstream: {"using":"css selector","value":"input[name = \"nameEntry\"]"}
16:12:32.396 INFO - To downstream: {"sessionId":"26467880e0f09a2dae2685a32ed6b44b","status":0,"value":{"ELEMENT":"0.7749763418000553-2"}}
16:12:32.400 INFO - Found handler: org.openqa.selenium.remote.server.ServicedSession@75a473da
16:12:32.400 INFO - Handler thread for session 26467880e0f09a2dae2685a32ed6b44b (chrome): Executing POST on /session/26467880e0f09a2dae2685a32ed6b44b/element/0.7749763418000553-2/value (handler: ServicedSession)
16:12:32.402 INFO - To upstream: {"value":["f","o","o"]}
16:12:32.450 INFO - To downstream: {"sessionId":"26467880e0f09a2dae2685a32ed6b44b","status":0,"value":null}
16:12:32.456 INFO - Found handler: org.openqa.selenium.remote.server.ServicedSession@75a473da
16:12:32.456 INFO - Handler thread for session 26467880e0f09a2dae2685a32ed6b44b (chrome): Executing POST on /session/26467880e0f09a2dae2685a32ed6b44b/element (handler: ServicedSession)
16:12:32.459 INFO - To upstream: {"using":"css selector","value":"input[name = \"phoneEntry\"]"}
16:12:32.472 INFO - To downstream: {"sessionId":"26467880e0f09a2dae2685a32ed6b44b","status":0,"value":{"ELEMENT":"0.7749763418000553-3"}}
16:12:32.475 INFO - Found handler: org.openqa.selenium.remote.server.ServicedSession@75a473da
16:12:32.476 INFO - Handler thread for session 26467880e0f09a2dae2685a32ed6b44b (chrome): Executing POST on /session/26467880e0f09a2dae2685a32ed6b44b/element/0.7749763418000553-3/clear (handler: ServicedSession)
16:12:32.477 INFO - To upstream: 
16:12:32.501 INFO - To downstream: {"sessionId":"26467880e0f09a2dae2685a32ed6b44b","status":0,"value":null}
16:12:32.506 INFO - Found handler: org.openqa.selenium.remote.server.ServicedSession@75a473da
16:12:32.506 INFO - Handler thread for session 26467880e0f09a2dae2685a32ed6b44b (chrome): Executing POST on /session/26467880e0f09a2dae2685a32ed6b44b/element (handler: ServicedSession)
16:12:32.508 INFO - To upstream: {"using":"css selector","value":"input[name = \"phoneEntry\"]"}
16:12:32.515 INFO - To downstream: {"sessionId":"26467880e0f09a2dae2685a32ed6b44b","status":0,"value":{"ELEMENT":"0.7749763418000553-3"}}
16:12:32.520 INFO - Found handler: org.openqa.selenium.remote.server.ServicedSession@75a473da
16:12:32.521 INFO - Handler thread for session 26467880e0f09a2dae2685a32ed6b44b (chrome): Executing POST on /session/26467880e0f09a2dae2685a32ed6b44b/element/0.7749763418000553-3/value (handler: ServicedSession)
16:12:32.522 INFO - To upstream: {"value":["1","2","3","1","2","3","4","5","6","7"]}
16:12:32.600 INFO - To downstream: {"sessionId":"26467880e0f09a2dae2685a32ed6b44b","status":0,"value":null}
16:12:32.605 INFO - Found handler: org.openqa.selenium.remote.server.ServicedSession@75a473da
16:12:32.605 INFO - Handler thread for session 26467880e0f09a2dae2685a32ed6b44b (chrome): Executing POST on /session/26467880e0f09a2dae2685a32ed6b44b/element (handler: ServicedSession)
16:12:32.608 INFO - To upstream: {"using":"css selector","value":"input[name = \"titleEntry\"]"}
16:12:32.624 INFO - To downstream: {"sessionId":"26467880e0f09a2dae2685a32ed6b44b","status":0,"value":{"ELEMENT":"0.7749763418000553-4"}}
16:12:32.628 INFO - Found handler: org.openqa.selenium.remote.server.ServicedSession@75a473da
16:12:32.628 INFO - Handler thread for session 26467880e0f09a2dae2685a32ed6b44b (chrome): Executing POST on /session/26467880e0f09a2dae2685a32ed6b44b/element/0.7749763418000553-4/clear (handler: ServicedSession)
16:12:32.630 INFO - To upstream: 
16:12:32.651 INFO - To downstream: {"sessionId":"26467880e0f09a2dae2685a32ed6b44b","status":0,"value":null}
16:12:32.655 INFO - Found handler: org.openqa.selenium.remote.server.ServicedSession@75a473da
16:12:32.656 INFO - Handler thread for session 26467880e0f09a2dae2685a32ed6b44b (chrome): Executing POST on /session/26467880e0f09a2dae2685a32ed6b44b/element (handler: ServicedSession)
16:12:32.657 INFO - To upstream: {"using":"css selector","value":"input[name = \"titleEntry\"]"}
16:12:32.665 INFO - To downstream: {"sessionId":"26467880e0f09a2dae2685a32ed6b44b","status":0,"value":{"ELEMENT":"0.7749763418000553-4"}}
16:12:32.669 INFO - Found handler: org.openqa.selenium.remote.server.ServicedSession@75a473da
16:12:32.670 INFO - Handler thread for session 26467880e0f09a2dae2685a32ed6b44b (chrome): Executing POST on /session/26467880e0f09a2dae2685a32ed6b44b/element/0.7749763418000553-4/value (handler: ServicedSession)
16:12:32.673 INFO - To upstream: {"value":["f","o","o","b","a","r"]}
16:12:32.741 INFO - To downstream: {"sessionId":"26467880e0f09a2dae2685a32ed6b44b","status":0,"value":null}
16:12:32.745 INFO - Found handler: org.openqa.selenium.remote.server.ServicedSession@75a473da
16:12:32.745 INFO - Handler thread for session 26467880e0f09a2dae2685a32ed6b44b (chrome): Executing POST on /session/26467880e0f09a2dae2685a32ed6b44b/element (handler: ServicedSession)
16:12:32.747 INFO - To upstream: {"using":"css selector","value":"button[name = \"cancel\"]"}
16:12:32.762 INFO - To downstream: {"sessionId":"26467880e0f09a2dae2685a32ed6b44b","status":0,"value":{"ELEMENT":"0.7749763418000553-5"}}
16:12:32.766 INFO - Found handler: org.openqa.selenium.remote.server.ServicedSession@75a473da
16:12:32.766 INFO - Handler thread for session 26467880e0f09a2dae2685a32ed6b44b (chrome): Executing GET on /session/26467880e0f09a2dae2685a32ed6b44b/element/0.7749763418000553-5/displayed (handler: ServicedSession)
16:12:32.781 INFO - To downstream: {"sessionId":"26467880e0f09a2dae2685a32ed6b44b","status":0,"value":true}
16:12:32.785 INFO - Found handler: org.openqa.selenium.remote.server.ServicedSession@75a473da
16:12:32.785 INFO - Handler thread for session 26467880e0f09a2dae2685a32ed6b44b (chrome): Executing POST on /session/26467880e0f09a2dae2685a32ed6b44b/element (handler: ServicedSession)
16:12:32.787 INFO - To upstream: {"using":"css selector","value":"button[name = \"cancel\"]"}
16:12:32.794 INFO - To downstream: {"sessionId":"26467880e0f09a2dae2685a32ed6b44b","status":0,"value":{"ELEMENT":"0.7749763418000553-5"}}
16:12:32.794 INFO - Found handler: org.openqa.selenium.remote.server.ServicedSession@75a473da
16:12:32.794 INFO - Handler thread for session 26467880e0f09a2dae2685a32ed6b44b (chrome): Executing POST on /session/26467880e0f09a2dae2685a32ed6b44b/element/0.7749763418000553-5/click (handler: ServicedSession)
16:12:32.794 INFO - To upstream: 
16:12:32.849 INFO - To downstream: {"sessionId":"26467880e0f09a2dae2685a32ed6b44b","status":0,"value":null}
16:12:32.854 INFO - Found handler: org.openqa.selenium.remote.server.ServicedSession@75a473da
16:12:32.854 INFO - Handler thread for session 26467880e0f09a2dae2685a32ed6b44b (chrome): Executing POST on /session/26467880e0f09a2dae2685a32ed6b44b/element (handler: ServicedSession)
16:12:32.856 INFO - To upstream: {"using":"css selector","value":"input[name = \"nameEntry\"]"}
16:12:32.865 INFO - To downstream: {"sessionId":"26467880e0f09a2dae2685a32ed6b44b","status":0,"value":{"ELEMENT":"0.7749763418000553-2"}}
16:12:32.868 INFO - Found handler: org.openqa.selenium.remote.server.ServicedSession@75a473da
16:12:32.870 INFO - Handler thread for session 26467880e0f09a2dae2685a32ed6b44b (chrome): Executing GET on /session/26467880e0f09a2dae2685a32ed6b44b/element/0.7749763418000553-2/attribute/value (handler: ServicedSession)
16:12:32.878 INFO - To downstream: {"sessionId":"26467880e0f09a2dae2685a32ed6b44b","status":0,"value":"Bernice Ortiz"}
16:12:32.888 INFO - Found handler: org.openqa.selenium.remote.server.ServicedSession@75a473da
16:12:32.888 INFO - Handler thread for session 26467880e0f09a2dae2685a32ed6b44b (chrome): Executing POST on /session/26467880e0f09a2dae2685a32ed6b44b/url (handler: ServicedSession)
16:12:32.890 INFO - To upstream: {"url":"http://localhost:3000"}
16:12:32.978 INFO - To downstream: {"sessionId":"26467880e0f09a2dae2685a32ed6b44b","status":0,"value":null}
16:12:32.983 INFO - Found handler: org.openqa.selenium.remote.server.ServicedSession@75a473da
16:12:32.983 INFO - Handler thread for session 26467880e0f09a2dae2685a32ed6b44b (chrome): Executing POST on /session/26467880e0f09a2dae2685a32ed6b44b/element (handler: ServicedSession)
16:12:32.986 INFO - To upstream: {"using":"css selector","value":"[name='employee1']"}
16:12:32.998 INFO - To downstream: {"sessionId":"26467880e0f09a2dae2685a32ed6b44b","status":0,"value":{"ELEMENT":"0.6279892675630512-1"}}
16:12:33.005 INFO - Found handler: org.openqa.selenium.remote.server.ServicedSession@75a473da
16:12:33.006 INFO - Handler thread for session 26467880e0f09a2dae2685a32ed6b44b (chrome): Executing POST on /session/26467880e0f09a2dae2685a32ed6b44b/element/0.6279892675630512-1/click (handler: ServicedSession)
16:12:33.007 INFO - To upstream: 
16:12:33.058 INFO - To downstream: {"sessionId":"26467880e0f09a2dae2685a32ed6b44b","status":0,"value":null}
16:12:33.065 INFO - Found handler: org.openqa.selenium.remote.server.ServicedSession@75a473da
16:12:33.065 INFO - Handler thread for session 26467880e0f09a2dae2685a32ed6b44b (chrome): Executing POST on /session/26467880e0f09a2dae2685a32ed6b44b/element (handler: ServicedSession)
16:12:33.066 INFO - To upstream: {"using":"css selector","value":"input[name = \"nameEntry\"]"}
16:12:33.075 INFO - To downstream: {"sessionId":"26467880e0f09a2dae2685a32ed6b44b","status":0,"value":{"ELEMENT":"0.6279892675630512-2"}}
16:12:33.079 INFO - Found handler: org.openqa.selenium.remote.server.ServicedSession@75a473da
16:12:33.080 INFO - Handler thread for session 26467880e0f09a2dae2685a32ed6b44b (chrome): Executing POST on /session/26467880e0f09a2dae2685a32ed6b44b/element/0.6279892675630512-2/clear (handler: ServicedSession)
16:12:33.081 INFO - To upstream: 
16:12:33.102 INFO - To downstream: {"sessionId":"26467880e0f09a2dae2685a32ed6b44b","status":0,"value":null}
16:12:33.107 INFO - Found handler: org.openqa.selenium.remote.server.ServicedSession@75a473da
16:12:33.107 INFO - Handler thread for session 26467880e0f09a2dae2685a32ed6b44b (chrome): Executing POST on /session/26467880e0f09a2dae2685a32ed6b44b/element (handler: ServicedSession)
16:12:33.109 INFO - To upstream: {"using":"css selector","value":"input[name = \"nameEntry\"]"}
16:12:33.117 INFO - To downstream: {"sessionId":"26467880e0f09a2dae2685a32ed6b44b","status":0,"value":{"ELEMENT":"0.6279892675630512-2"}}
16:12:33.122 INFO - Found handler: org.openqa.selenium.remote.server.ServicedSession@75a473da
16:12:33.122 INFO - Handler thread for session 26467880e0f09a2dae2685a32ed6b44b (chrome): Executing POST on /session/26467880e0f09a2dae2685a32ed6b44b/element/0.6279892675630512-2/value (handler: ServicedSession)
16:12:33.123 INFO - To upstream: {"value":["s","u","p","e","r","c","a","l","i","f","r","a","g","i","l","i","s","t","i","c","e","x","p","i","a","l","i","d","o","c","i","o","u","s"]}
16:12:33.351 INFO - To downstream: {"sessionId":"26467880e0f09a2dae2685a32ed6b44b","status":0,"value":null}
16:12:33.356 INFO - Found handler: org.openqa.selenium.remote.server.ServicedSession@75a473da
16:12:33.356 INFO - Handler thread for session 26467880e0f09a2dae2685a32ed6b44b (chrome): Executing POST on /session/26467880e0f09a2dae2685a32ed6b44b/element (handler: ServicedSession)
16:12:33.359 INFO - To upstream: {"using":"css selector","value":"button[name= \"save\"]"}
16:12:33.367 INFO - To downstream: {"sessionId":"26467880e0f09a2dae2685a32ed6b44b","status":0,"value":{"ELEMENT":"0.6279892675630512-3"}}
16:12:33.371 INFO - Found handler: org.openqa.selenium.remote.server.ServicedSession@75a473da
16:12:33.371 INFO - Handler thread for session 26467880e0f09a2dae2685a32ed6b44b (chrome): Executing POST on /session/26467880e0f09a2dae2685a32ed6b44b/element/0.6279892675630512-3/click (handler: ServicedSession)
16:12:33.373 INFO - To upstream: 
16:12:33.422 INFO - To downstream: {"sessionId":"26467880e0f09a2dae2685a32ed6b44b","status":0,"value":null}
16:12:33.427 INFO - Found handler: org.openqa.selenium.remote.server.ServicedSession@75a473da
16:12:33.427 INFO - Handler thread for session 26467880e0f09a2dae2685a32ed6b44b (chrome): Executing POST on /session/26467880e0f09a2dae2685a32ed6b44b/elements (handler: ServicedSession)
16:12:33.429 INFO - To upstream: {"using":"css selector","value":"div[class = \"errorCard\"]"}
16:12:33.450 INFO - To downstream: {"sessionId":"26467880e0f09a2dae2685a32ed6b44b","status":0,"value":[{"ELEMENT":"0.6279892675630512-4"}]}
16:12:33.455 INFO - Found handler: org.openqa.selenium.remote.server.ServicedSession@75a473da
16:12:33.455 INFO - Handler thread for session 26467880e0f09a2dae2685a32ed6b44b (chrome): Executing GET on /session/26467880e0f09a2dae2685a32ed6b44b/element/0.6279892675630512-4/text (handler: ServicedSession)
16:12:33.481 INFO - To downstream: {"sessionId":"26467880e0f09a2dae2685a32ed6b44b","status":0,"value":"The name field must be between 1 and 30 characters long. The title field must be between 1 and 30 characters long."}
16:12:33.488 INFO - Found handler: org.openqa.selenium.remote.server.ServicedSession@75a473da
16:12:33.488 INFO - Handler thread for session 26467880e0f09a2dae2685a32ed6b44b (chrome): Executing POST on /session/26467880e0f09a2dae2685a32ed6b44b/element (handler: ServicedSession)
16:12:33.490 INFO - To upstream: {"using":"css selector","value":"input[name = \"nameEntry\"]"}
16:12:33.497 INFO - To downstream: {"sessionId":"26467880e0f09a2dae2685a32ed6b44b","status":0,"value":{"ELEMENT":"0.6279892675630512-2"}}
16:12:33.500 INFO - Found handler: org.openqa.selenium.remote.server.ServicedSession@75a473da
16:12:33.501 INFO - Handler thread for session 26467880e0f09a2dae2685a32ed6b44b (chrome): Executing POST on /session/26467880e0f09a2dae2685a32ed6b44b/element/0.6279892675630512-2/click (handler: ServicedSession)
16:12:33.502 INFO - To upstream: 
16:12:33.548 INFO - To downstream: {"sessionId":"26467880e0f09a2dae2685a32ed6b44b","status":0,"value":null}
16:12:33.553 INFO - Found handler: org.openqa.selenium.remote.server.ServicedSession@75a473da
16:12:33.554 INFO - Handler thread for session 26467880e0f09a2dae2685a32ed6b44b (chrome): Executing POST on /session/26467880e0f09a2dae2685a32ed6b44b/element (handler: ServicedSession)
16:12:33.556 INFO - To upstream: {"using":"css selector","value":"input[name = \"nameEntry\"]"}
16:12:33.570 INFO - To downstream: {"sessionId":"26467880e0f09a2dae2685a32ed6b44b","status":0,"value":{"ELEMENT":"0.6279892675630512-2"}}
16:12:33.573 INFO - Found handler: org.openqa.selenium.remote.server.ServicedSession@75a473da
16:12:33.574 INFO - Handler thread for session 26467880e0f09a2dae2685a32ed6b44b (chrome): Executing POST on /session/26467880e0f09a2dae2685a32ed6b44b/element/0.6279892675630512-2/clear (handler: ServicedSession)
16:12:33.575 INFO - To upstream: 
16:12:33.585 INFO - To downstream: {"sessionId":"26467880e0f09a2dae2685a32ed6b44b","status":0,"value":null}
16:12:33.591 INFO - Found handler: org.openqa.selenium.remote.server.ServicedSession@75a473da
16:12:33.591 INFO - Handler thread for session 26467880e0f09a2dae2685a32ed6b44b (chrome): Executing POST on /session/26467880e0f09a2dae2685a32ed6b44b/elements (handler: ServicedSession)
16:12:33.593 INFO - To upstream: {"using":"css selector","value":"div[class = \"errorCard\"]"}
16:12:33.602 INFO - To downstream: {"sessionId":"26467880e0f09a2dae2685a32ed6b44b","status":0,"value":[{"ELEMENT":"0.6279892675630512-4"}]}
16:12:33.606 INFO - Found handler: org.openqa.selenium.remote.server.ServicedSession@75a473da
16:12:33.606 INFO - Handler thread for session 26467880e0f09a2dae2685a32ed6b44b (chrome): Executing GET on /session/26467880e0f09a2dae2685a32ed6b44b/element/0.6279892675630512-4/text (handler: ServicedSession)
16:12:33.623 INFO - To downstream: {"sessionId":"26467880e0f09a2dae2685a32ed6b44b","status":0,"value":"The name field must be between 1 and 30 characters long. The title field must be between 1 and 30 characters long."}
16:12:33.631 INFO - Found handler: org.openqa.selenium.remote.server.ServicedSession@75a473da
16:12:33.631 INFO - Handler thread for session 26467880e0f09a2dae2685a32ed6b44b (chrome): Executing POST on /session/26467880e0f09a2dae2685a32ed6b44b/url (handler: ServicedSession)
16:12:33.633 INFO - To upstream: {"url":"http://localhost:3000"}
16:12:33.718 INFO - To downstream: {"sessionId":"26467880e0f09a2dae2685a32ed6b44b","status":0,"value":null}
16:12:33.730 INFO - Found handler: org.openqa.selenium.remote.server.ServicedSession@75a473da
16:12:33.731 INFO - Handler thread for session 26467880e0f09a2dae2685a32ed6b44b (chrome): Executing POST on /session/26467880e0f09a2dae2685a32ed6b44b/element (handler: ServicedSession)
16:12:33.732 INFO - To upstream: {"using":"css selector","value":"[name='employee1']"}
16:12:33.747 INFO - To downstream: {"sessionId":"26467880e0f09a2dae2685a32ed6b44b","status":0,"value":{"ELEMENT":"0.36371267337407565-1"}}
16:12:33.750 INFO - Found handler: org.openqa.selenium.remote.server.ServicedSession@75a473da
16:12:33.750 INFO - Handler thread for session 26467880e0f09a2dae2685a32ed6b44b (chrome): Executing POST on /session/26467880e0f09a2dae2685a32ed6b44b/element/0.36371267337407565-1/click (handler: ServicedSession)
16:12:33.755 INFO - To upstream: 
16:12:33.812 INFO - To downstream: {"sessionId":"26467880e0f09a2dae2685a32ed6b44b","status":0,"value":null}
16:12:33.821 INFO - Found handler: org.openqa.selenium.remote.server.ServicedSession@75a473da
16:12:33.822 INFO - Handler thread for session 26467880e0f09a2dae2685a32ed6b44b (chrome): Executing POST on /session/26467880e0f09a2dae2685a32ed6b44b/url (handler: ServicedSession)
16:12:33.823 INFO - To upstream: {"url":"http://localhost:3000"}
16:12:33.927 INFO - To downstream: {"sessionId":"26467880e0f09a2dae2685a32ed6b44b","status":0,"value":null}
16:12:33.931 INFO - Found handler: org.openqa.selenium.remote.server.ServicedSession@75a473da
16:12:33.931 INFO - Handler thread for session 26467880e0f09a2dae2685a32ed6b44b (chrome): Executing POST on /session/26467880e0f09a2dae2685a32ed6b44b/element (handler: ServicedSession)
16:12:33.934 INFO - To upstream: {"using":"css selector","value":"[name='employee1']"}
16:12:33.951 INFO - To downstream: {"sessionId":"26467880e0f09a2dae2685a32ed6b44b","status":0,"value":{"ELEMENT":"0.766203926859905-1"}}
16:12:33.958 INFO - Found handler: org.openqa.selenium.remote.server.ServicedSession@75a473da
16:12:33.959 INFO - Handler thread for session 26467880e0f09a2dae2685a32ed6b44b (chrome): Executing POST on /session/26467880e0f09a2dae2685a32ed6b44b/element/0.766203926859905-1/click (handler: ServicedSession)
16:12:33.961 INFO - To upstream: 
16:12:34.015 INFO - To downstream: {"sessionId":"26467880e0f09a2dae2685a32ed6b44b","status":0,"value":null}
16:12:34.029 INFO - Found handler: org.openqa.selenium.remote.server.ServicedSession@75a473da
16:12:34.030 INFO - Handler thread for session 26467880e0f09a2dae2685a32ed6b44b (chrome): Executing POST on /session/26467880e0f09a2dae2685a32ed6b44b/url (handler: ServicedSession)
16:12:34.031 INFO - To upstream: {"url":"http://localhost:3000"}
16:12:34.121 INFO - To downstream: {"sessionId":"26467880e0f09a2dae2685a32ed6b44b","status":0,"value":null}
16:12:34.126 INFO - Found handler: org.openqa.selenium.remote.server.ServicedSession@75a473da
16:12:34.127 INFO - Handler thread for session 26467880e0f09a2dae2685a32ed6b44b (chrome): Executing POST on /session/26467880e0f09a2dae2685a32ed6b44b/element (handler: ServicedSession)
16:12:34.129 INFO - To upstream: {"using":"css selector","value":"[name='employee1']"}
16:12:34.146 INFO - To downstream: {"sessionId":"26467880e0f09a2dae2685a32ed6b44b","status":0,"value":{"ELEMENT":"0.008099221397756207-1"}}
16:12:34.150 INFO - Found handler: org.openqa.selenium.remote.server.ServicedSession@75a473da
16:12:34.151 INFO - Handler thread for session 26467880e0f09a2dae2685a32ed6b44b (chrome): Executing POST on /session/26467880e0f09a2dae2685a32ed6b44b/element/0.008099221397756207-1/click (handler: ServicedSession)
16:12:34.152 INFO - To upstream: 
16:12:34.204 INFO - To downstream: {"sessionId":"26467880e0f09a2dae2685a32ed6b44b","status":0,"value":null}
16:12:34.210 INFO - Found handler: org.openqa.selenium.remote.server.ServicedSession@75a473da
16:12:34.211 INFO - Handler thread for session 26467880e0f09a2dae2685a32ed6b44b (chrome): Executing POST on /session/26467880e0f09a2dae2685a32ed6b44b/element (handler: ServicedSession)
16:12:34.212 INFO - To upstream: {"using":"css selector","value":"[name=\"employee1\"]"}
16:12:34.230 INFO - To downstream: {"sessionId":"26467880e0f09a2dae2685a32ed6b44b","status":0,"value":{"ELEMENT":"0.008099221397756207-1"}}
16:12:34.235 INFO - Found handler: org.openqa.selenium.remote.server.ServicedSession@75a473da
16:12:34.235 INFO - Handler thread for session 26467880e0f09a2dae2685a32ed6b44b (chrome): Executing POST on /session/26467880e0f09a2dae2685a32ed6b44b/element/0.008099221397756207-1/click (handler: ServicedSession)
16:12:34.235 INFO - To upstream: 
16:12:34.266 INFO - To downstream: {"sessionId":"26467880e0f09a2dae2685a32ed6b44b","status":0,"value":null}
16:12:34.271 INFO - Found handler: org.openqa.selenium.remote.server.ServicedSession@75a473da
16:12:34.271 INFO - Handler thread for session 26467880e0f09a2dae2685a32ed6b44b (chrome): Executing POST on /session/26467880e0f09a2dae2685a32ed6b44b/elements (handler: ServicedSession)
16:12:34.273 INFO - To upstream: {"using":"css selector","value":"p[name = \"employeeName\"]"}
16:12:34.292 INFO - To downstream: {"sessionId":"26467880e0f09a2dae2685a32ed6b44b","status":0,"value":[{"ELEMENT":"0.008099221397756207-2"}]}
16:12:34.296 INFO - Found handler: org.openqa.selenium.remote.server.ServicedSession@75a473da
16:12:34.296 INFO - Handler thread for session 26467880e0f09a2dae2685a32ed6b44b (chrome): Executing GET on /session/26467880e0f09a2dae2685a32ed6b44b/element/0.008099221397756207-2/text (handler: ServicedSession)
16:12:34.313 INFO - To downstream: {"sessionId":"26467880e0f09a2dae2685a32ed6b44b","status":0,"value":"Bernice Ortiz"}
16:12:34.329 INFO - Found handler: org.openqa.selenium.remote.server.ServicedSession@75a473da
16:12:34.329 INFO - Handler thread for session 26467880e0f09a2dae2685a32ed6b44b (chrome): Executing POST on /session/26467880e0f09a2dae2685a32ed6b44b/element (handler: ServicedSession)
16:12:34.329 INFO - To upstream: {"using":"css selector","value":"[name=\"employee2\"]"}
16:12:34.344 INFO - To downstream: {"sessionId":"26467880e0f09a2dae2685a32ed6b44b","status":0,"value":{"ELEMENT":"0.008099221397756207-3"}}
16:12:34.344 INFO - Found handler: org.openqa.selenium.remote.server.ServicedSession@75a473da
16:12:34.344 INFO - Handler thread for session 26467880e0f09a2dae2685a32ed6b44b (chrome): Executing POST on /session/26467880e0f09a2dae2685a32ed6b44b/element/0.008099221397756207-3/click (handler: ServicedSession)
16:12:34.349 INFO - To upstream: 
16:12:34.401 INFO - To downstream: {"sessionId":"26467880e0f09a2dae2685a32ed6b44b","status":0,"value":null}
16:12:34.405 INFO - Found handler: org.openqa.selenium.remote.server.ServicedSession@75a473da
16:12:34.406 INFO - Handler thread for session 26467880e0f09a2dae2685a32ed6b44b (chrome): Executing POST on /session/26467880e0f09a2dae2685a32ed6b44b/elements (handler: ServicedSession)
16:12:34.408 INFO - To upstream: {"using":"css selector","value":"p[name = \"employeeName\"]"}
16:12:34.419 INFO - To downstream: {"sessionId":"26467880e0f09a2dae2685a32ed6b44b","status":0,"value":[{"ELEMENT":"0.008099221397756207-2"}]}
16:12:34.423 INFO - Found handler: org.openqa.selenium.remote.server.ServicedSession@75a473da
16:12:34.423 INFO - Handler thread for session 26467880e0f09a2dae2685a32ed6b44b (chrome): Executing GET on /session/26467880e0f09a2dae2685a32ed6b44b/element/0.008099221397756207-2/text (handler: ServicedSession)
16:12:34.433 INFO - To downstream: {"sessionId":"26467880e0f09a2dae2685a32ed6b44b","status":0,"value":"Marnie Barnett"}
16:12:34.438 INFO - Found handler: org.openqa.selenium.remote.server.ServicedSession@75a473da
16:12:34.439 INFO - Handler thread for session 26467880e0f09a2dae2685a32ed6b44b (chrome): Executing POST on /session/26467880e0f09a2dae2685a32ed6b44b/element (handler: ServicedSession)
16:12:34.440 INFO - To upstream: {"using":"css selector","value":"[name=\"employee3\"]"}
16:12:34.461 INFO - To downstream: {"sessionId":"26467880e0f09a2dae2685a32ed6b44b","status":0,"value":{"ELEMENT":"0.008099221397756207-4"}}
16:12:34.464 INFO - Found handler: org.openqa.selenium.remote.server.ServicedSession@75a473da
16:12:34.464 INFO - Handler thread for session 26467880e0f09a2dae2685a32ed6b44b (chrome): Executing POST on /session/26467880e0f09a2dae2685a32ed6b44b/element/0.008099221397756207-4/click (handler: ServicedSession)
16:12:34.466 INFO - To upstream: 
16:12:34.512 INFO - To downstream: {"sessionId":"26467880e0f09a2dae2685a32ed6b44b","status":0,"value":null}
16:12:34.515 INFO - Found handler: org.openqa.selenium.remote.server.ServicedSession@75a473da
16:12:34.516 INFO - Handler thread for session 26467880e0f09a2dae2685a32ed6b44b (chrome): Executing POST on /session/26467880e0f09a2dae2685a32ed6b44b/elements (handler: ServicedSession)
16:12:34.519 INFO - To upstream: {"using":"css selector","value":"p[name = \"employeeName\"]"}
16:12:34.536 INFO - To downstream: {"sessionId":"26467880e0f09a2dae2685a32ed6b44b","status":0,"value":[{"ELEMENT":"0.008099221397756207-2"}]}
16:12:34.541 INFO - Found handler: org.openqa.selenium.remote.server.ServicedSession@75a473da
16:12:34.541 INFO - Handler thread for session 26467880e0f09a2dae2685a32ed6b44b (chrome): Executing GET on /session/26467880e0f09a2dae2685a32ed6b44b/element/0.008099221397756207-2/text (handler: ServicedSession)
16:12:34.550 INFO - To downstream: {"sessionId":"26467880e0f09a2dae2685a32ed6b44b","status":0,"value":"Phillip Weaver"}
16:12:34.555 INFO - Found handler: org.openqa.selenium.remote.server.ServicedSession@75a473da
16:12:34.555 INFO - Handler thread for session 26467880e0f09a2dae2685a32ed6b44b (chrome): Executing POST on /session/26467880e0f09a2dae2685a32ed6b44b/element (handler: ServicedSession)
16:12:34.557 INFO - To upstream: {"using":"css selector","value":"[name=\"employee4\"]"}
16:12:34.571 INFO - To downstream: {"sessionId":"26467880e0f09a2dae2685a32ed6b44b","status":0,"value":{"ELEMENT":"0.008099221397756207-5"}}
16:12:34.576 INFO - Found handler: org.openqa.selenium.remote.server.ServicedSession@75a473da
16:12:34.576 INFO - Handler thread for session 26467880e0f09a2dae2685a32ed6b44b (chrome): Executing POST on /session/26467880e0f09a2dae2685a32ed6b44b/element/0.008099221397756207-5/click (handler: ServicedSession)
16:12:34.578 INFO - To upstream: 
16:12:34.639 INFO - To downstream: {"sessionId":"26467880e0f09a2dae2685a32ed6b44b","status":0,"value":null}
16:12:34.644 INFO - Found handler: org.openqa.selenium.remote.server.ServicedSession@75a473da
16:12:34.645 INFO - Handler thread for session 26467880e0f09a2dae2685a32ed6b44b (chrome): Executing POST on /session/26467880e0f09a2dae2685a32ed6b44b/elements (handler: ServicedSession)
16:12:34.646 INFO - To upstream: {"using":"css selector","value":"p[name = \"employeeName\"]"}
16:12:34.654 INFO - To downstream: {"sessionId":"26467880e0f09a2dae2685a32ed6b44b","status":0,"value":[{"ELEMENT":"0.008099221397756207-2"}]}
16:12:34.657 INFO - Found handler: org.openqa.selenium.remote.server.ServicedSession@75a473da
16:12:34.657 INFO - Handler thread for session 26467880e0f09a2dae2685a32ed6b44b (chrome): Executing GET on /session/26467880e0f09a2dae2685a32ed6b44b/element/0.008099221397756207-2/text (handler: ServicedSession)
16:12:34.666 INFO - To downstream: {"sessionId":"26467880e0f09a2dae2685a32ed6b44b","status":0,"value":"Teresa Osborne"}
16:12:34.671 INFO - Found handler: org.openqa.selenium.remote.server.ServicedSession@75a473da
16:12:34.671 INFO - Handler thread for session 26467880e0f09a2dae2685a32ed6b44b (chrome): Executing POST on /session/26467880e0f09a2dae2685a32ed6b44b/element (handler: ServicedSession)
16:12:34.672 INFO - To upstream: {"using":"css selector","value":"[name=\"employee5\"]"}
16:12:34.684 INFO - To downstream: {"sessionId":"26467880e0f09a2dae2685a32ed6b44b","status":0,"value":{"ELEMENT":"0.008099221397756207-6"}}
16:12:34.684 INFO - Found handler: org.openqa.selenium.remote.server.ServicedSession@75a473da
16:12:34.684 INFO - Handler thread for session 26467880e0f09a2dae2685a32ed6b44b (chrome): Executing POST on /session/26467880e0f09a2dae2685a32ed6b44b/element/0.008099221397756207-6/click (handler: ServicedSession)
16:12:34.684 INFO - To upstream: 
16:12:34.746 INFO - To downstream: {"sessionId":"26467880e0f09a2dae2685a32ed6b44b","status":0,"value":null}
16:12:34.750 INFO - Found handler: org.openqa.selenium.remote.server.ServicedSession@75a473da
16:12:34.751 INFO - Handler thread for session 26467880e0f09a2dae2685a32ed6b44b (chrome): Executing POST on /session/26467880e0f09a2dae2685a32ed6b44b/elements (handler: ServicedSession)
16:12:34.753 INFO - To upstream: {"using":"css selector","value":"p[name = \"employeeName\"]"}
16:12:34.762 INFO - To downstream: {"sessionId":"26467880e0f09a2dae2685a32ed6b44b","status":0,"value":[{"ELEMENT":"0.008099221397756207-2"}]}
16:12:34.766 INFO - Found handler: org.openqa.selenium.remote.server.ServicedSession@75a473da
16:12:34.766 INFO - Handler thread for session 26467880e0f09a2dae2685a32ed6b44b (chrome): Executing GET on /session/26467880e0f09a2dae2685a32ed6b44b/element/0.008099221397756207-2/text (handler: ServicedSession)
16:12:34.779 INFO - To downstream: {"sessionId":"26467880e0f09a2dae2685a32ed6b44b","status":0,"value":"Dollie Berry"}
16:12:34.783 INFO - Found handler: org.openqa.selenium.remote.server.ServicedSession@75a473da
16:12:34.784 INFO - Handler thread for session 26467880e0f09a2dae2685a32ed6b44b (chrome): Executing POST on /session/26467880e0f09a2dae2685a32ed6b44b/element (handler: ServicedSession)
16:12:34.785 INFO - To upstream: {"using":"css selector","value":"[name=\"employee6\"]"}
16:12:34.806 INFO - To downstream: {"sessionId":"26467880e0f09a2dae2685a32ed6b44b","status":0,"value":{"ELEMENT":"0.008099221397756207-7"}}
16:12:34.809 INFO - Found handler: org.openqa.selenium.remote.server.ServicedSession@75a473da
16:12:34.810 INFO - Handler thread for session 26467880e0f09a2dae2685a32ed6b44b (chrome): Executing POST on /session/26467880e0f09a2dae2685a32ed6b44b/element/0.008099221397756207-7/click (handler: ServicedSession)
16:12:34.812 INFO - To upstream: 
16:12:34.860 INFO - To downstream: {"sessionId":"26467880e0f09a2dae2685a32ed6b44b","status":0,"value":null}
16:12:34.864 INFO - Found handler: org.openqa.selenium.remote.server.ServicedSession@75a473da
16:12:34.864 INFO - Handler thread for session 26467880e0f09a2dae2685a32ed6b44b (chrome): Executing POST on /session/26467880e0f09a2dae2685a32ed6b44b/elements (handler: ServicedSession)
16:12:34.865 INFO - To upstream: {"using":"css selector","value":"p[name = \"employeeName\"]"}
16:12:34.876 INFO - To downstream: {"sessionId":"26467880e0f09a2dae2685a32ed6b44b","status":0,"value":[{"ELEMENT":"0.008099221397756207-2"}]}
16:12:34.880 INFO - Found handler: org.openqa.selenium.remote.server.ServicedSession@75a473da
16:12:34.880 INFO - Handler thread for session 26467880e0f09a2dae2685a32ed6b44b (chrome): Executing GET on /session/26467880e0f09a2dae2685a32ed6b44b/element/0.008099221397756207-2/text (handler: ServicedSession)
16:12:34.890 INFO - To downstream: {"sessionId":"26467880e0f09a2dae2685a32ed6b44b","status":0,"value":"Harriett Williamson"}
16:12:34.895 INFO - Found handler: org.openqa.selenium.remote.server.ServicedSession@75a473da
16:12:34.895 INFO - Handler thread for session 26467880e0f09a2dae2685a32ed6b44b (chrome): Executing POST on /session/26467880e0f09a2dae2685a32ed6b44b/element (handler: ServicedSession)
16:12:34.896 INFO - To upstream: {"using":"css selector","value":"[name=\"employee7\"]"}
16:12:34.911 INFO - To downstream: {"sessionId":"26467880e0f09a2dae2685a32ed6b44b","status":0,"value":{"ELEMENT":"0.008099221397756207-8"}}
16:12:34.915 INFO - Found handler: org.openqa.selenium.remote.server.ServicedSession@75a473da
16:12:34.915 INFO - Handler thread for session 26467880e0f09a2dae2685a32ed6b44b (chrome): Executing POST on /session/26467880e0f09a2dae2685a32ed6b44b/element/0.008099221397756207-8/click (handler: ServicedSession)
16:12:34.917 INFO - To upstream: 
16:12:34.971 INFO - To downstream: {"sessionId":"26467880e0f09a2dae2685a32ed6b44b","status":0,"value":null}
16:12:34.976 INFO - Found handler: org.openqa.selenium.remote.server.ServicedSession@75a473da
16:12:34.976 INFO - Handler thread for session 26467880e0f09a2dae2685a32ed6b44b (chrome): Executing POST on /session/26467880e0f09a2dae2685a32ed6b44b/elements (handler: ServicedSession)
16:12:34.978 INFO - To upstream: {"using":"css selector","value":"p[name = \"employeeName\"]"}
16:12:34.987 INFO - To downstream: {"sessionId":"26467880e0f09a2dae2685a32ed6b44b","status":0,"value":[{"ELEMENT":"0.008099221397756207-2"}]}
16:12:34.990 INFO - Found handler: org.openqa.selenium.remote.server.ServicedSession@75a473da
16:12:34.990 INFO - Handler thread for session 26467880e0f09a2dae2685a32ed6b44b (chrome): Executing GET on /session/26467880e0f09a2dae2685a32ed6b44b/element/0.008099221397756207-2/text (handler: ServicedSession)
16:12:34.999 INFO - To downstream: {"sessionId":"26467880e0f09a2dae2685a32ed6b44b","status":0,"value":"Ruby Estrada"}
16:12:35.004 INFO - Found handler: org.openqa.selenium.remote.server.ServicedSession@75a473da
16:12:35.004 INFO - Handler thread for session 26467880e0f09a2dae2685a32ed6b44b (chrome): Executing POST on /session/26467880e0f09a2dae2685a32ed6b44b/element (handler: ServicedSession)
16:12:35.005 INFO - To upstream: {"using":"css selector","value":"[name=\"employee8\"]"}
16:12:35.025 INFO - To downstream: {"sessionId":"26467880e0f09a2dae2685a32ed6b44b","status":0,"value":{"ELEMENT":"0.008099221397756207-9"}}
16:12:35.028 INFO - Found handler: org.openqa.selenium.remote.server.ServicedSession@75a473da
16:12:35.028 INFO - Handler thread for session 26467880e0f09a2dae2685a32ed6b44b (chrome): Executing POST on /session/26467880e0f09a2dae2685a32ed6b44b/element/0.008099221397756207-9/click (handler: ServicedSession)
16:12:35.030 INFO - To upstream: 
16:12:35.078 INFO - To downstream: {"sessionId":"26467880e0f09a2dae2685a32ed6b44b","status":0,"value":null}
16:12:35.081 INFO - Found handler: org.openqa.selenium.remote.server.ServicedSession@75a473da
16:12:35.081 INFO - Handler thread for session 26467880e0f09a2dae2685a32ed6b44b (chrome): Executing POST on /session/26467880e0f09a2dae2685a32ed6b44b/elements (handler: ServicedSession)
16:12:35.082 INFO - To upstream: {"using":"css selector","value":"p[name = \"employeeName\"]"}
16:12:35.093 INFO - To downstream: {"sessionId":"26467880e0f09a2dae2685a32ed6b44b","status":0,"value":[{"ELEMENT":"0.008099221397756207-2"}]}
16:12:35.096 INFO - Found handler: org.openqa.selenium.remote.server.ServicedSession@75a473da
16:12:35.097 INFO - Handler thread for session 26467880e0f09a2dae2685a32ed6b44b (chrome): Executing GET on /session/26467880e0f09a2dae2685a32ed6b44b/element/0.008099221397756207-2/text (handler: ServicedSession)
16:12:35.109 INFO - To downstream: {"sessionId":"26467880e0f09a2dae2685a32ed6b44b","status":0,"value":"Lou White"}
16:12:35.112 INFO - Found handler: org.openqa.selenium.remote.server.ServicedSession@75a473da
16:12:35.113 INFO - Handler thread for session 26467880e0f09a2dae2685a32ed6b44b (chrome): Executing POST on /session/26467880e0f09a2dae2685a32ed6b44b/element (handler: ServicedSession)
16:12:35.114 INFO - To upstream: {"using":"css selector","value":"[name=\"employee9\"]"}
16:12:35.129 INFO - To downstream: {"sessionId":"26467880e0f09a2dae2685a32ed6b44b","status":0,"value":{"ELEMENT":"0.008099221397756207-10"}}
16:12:35.133 INFO - Found handler: org.openqa.selenium.remote.server.ServicedSession@75a473da
16:12:35.133 INFO - Handler thread for session 26467880e0f09a2dae2685a32ed6b44b (chrome): Executing POST on /session/26467880e0f09a2dae2685a32ed6b44b/element/0.008099221397756207-10/click (handler: ServicedSession)
16:12:35.134 INFO - To upstream: 
16:12:35.188 INFO - To downstream: {"sessionId":"26467880e0f09a2dae2685a32ed6b44b","status":0,"value":null}
16:12:35.193 INFO - Found handler: org.openqa.selenium.remote.server.ServicedSession@75a473da
16:12:35.193 INFO - Handler thread for session 26467880e0f09a2dae2685a32ed6b44b (chrome): Executing POST on /session/26467880e0f09a2dae2685a32ed6b44b/elements (handler: ServicedSession)
16:12:35.194 INFO - To upstream: {"using":"css selector","value":"p[name = \"employeeName\"]"}
16:12:35.204 INFO - To downstream: {"sessionId":"26467880e0f09a2dae2685a32ed6b44b","status":0,"value":[{"ELEMENT":"0.008099221397756207-2"}]}
16:12:35.208 INFO - Found handler: org.openqa.selenium.remote.server.ServicedSession@75a473da
16:12:35.208 INFO - Handler thread for session 26467880e0f09a2dae2685a32ed6b44b (chrome): Executing GET on /session/26467880e0f09a2dae2685a32ed6b44b/element/0.008099221397756207-2/text (handler: ServicedSession)
16:12:35.218 INFO - To downstream: {"sessionId":"26467880e0f09a2dae2685a32ed6b44b","status":0,"value":"Eve Sparks"}
16:12:35.222 INFO - Found handler: org.openqa.selenium.remote.server.ServicedSession@75a473da
16:12:35.222 INFO - Handler thread for session 26467880e0f09a2dae2685a32ed6b44b (chrome): Executing POST on /session/26467880e0f09a2dae2685a32ed6b44b/element (handler: ServicedSession)
16:12:35.224 INFO - To upstream: {"using":"css selector","value":"[name=\"employee10\"]"}
16:12:35.244 INFO - To downstream: {"sessionId":"26467880e0f09a2dae2685a32ed6b44b","status":0,"value":{"ELEMENT":"0.008099221397756207-11"}}
16:12:35.247 INFO - Found handler: org.openqa.selenium.remote.server.ServicedSession@75a473da
16:12:35.247 INFO - Handler thread for session 26467880e0f09a2dae2685a32ed6b44b (chrome): Executing POST on /session/26467880e0f09a2dae2685a32ed6b44b/element/0.008099221397756207-11/click (handler: ServicedSession)
16:12:35.249 INFO - To upstream: 
16:12:35.295 INFO - To downstream: {"sessionId":"26467880e0f09a2dae2685a32ed6b44b","status":0,"value":null}
16:12:35.298 INFO - Found handler: org.openqa.selenium.remote.server.ServicedSession@75a473da
16:12:35.298 INFO - Handler thread for session 26467880e0f09a2dae2685a32ed6b44b (chrome): Executing POST on /session/26467880e0f09a2dae2685a32ed6b44b/elements (handler: ServicedSession)
16:12:35.302 INFO - To upstream: {"using":"css selector","value":"p[name = \"employeeName\"]"}
16:12:35.314 INFO - To downstream: {"sessionId":"26467880e0f09a2dae2685a32ed6b44b","status":0,"value":[{"ELEMENT":"0.008099221397756207-2"}]}
16:12:35.319 INFO - Found handler: org.openqa.selenium.remote.server.ServicedSession@75a473da
16:12:35.320 INFO - Handler thread for session 26467880e0f09a2dae2685a32ed6b44b (chrome): Executing GET on /session/26467880e0f09a2dae2685a32ed6b44b/element/0.008099221397756207-2/text (handler: ServicedSession)
16:12:35.329 INFO - To downstream: {"sessionId":"26467880e0f09a2dae2685a32ed6b44b","status":0,"value":"Lois Brewer"}
16:12:35.335 INFO - Found handler: org.openqa.selenium.remote.server.ServicedSession@75a473da
16:12:35.336 INFO - Handler thread for session 26467880e0f09a2dae2685a32ed6b44b (chrome): Executing DELETE on /session/26467880e0f09a2dae2685a32ed6b44b (handler: ServicedSession)
16:12:35.555 INFO - To downstream: {"sessionId":"26467880e0f09a2dae2685a32ed6b44b","status":0,"value":null}
16:12:35.555 INFO - Removing session org.openqa.selenium.remote.server.ServicedSession@75a473da
